-- The C compiler identification is GNU 13.3.0
-- The CXX compiler identification is GNU 13.3.0
-- Detecting C compiler ABI info
-- Detecting C compiler ABI info - done
-- Check for working C compiler: /usr/bin/cc - skipped
-- Detecting C compile features
-- Detecting C compile features - done
-- Detecting CXX compiler ABI info
-- Detecting CXX compiler ABI info - done
-- Check for working CXX compiler: /usr/bin/c++ - skipped
-- Detecting CXX compile features
-- Detecting CXX compile features - done
-- Found ament_cmake: 2.5.4 (/opt/ros/jazzy/share/ament_cmake/cmake)
-- Found Python3: /usr/bin/python3 (found version "3.12.3") found components: Interpreter 
-- Override CMake install command with custom implementation using symlinks instead of copying resources
-- Found rclcpp: 28.1.9 (/opt/ros/jazzy/share/rclcpp/cmake)
-- Found rosidl_generator_c: 4.6.5 (/opt/ros/jazzy/share/rosidl_generator_c/cmake)
-- Found rosidl_generator_cpp: 4.6.5 (/opt/ros/jazzy/share/rosidl_generator_cpp/cmake)
-- Using all available rosidl_typesupport_c: rosidl_typesupport_fastrtps_c;rosidl_typesupport_introspection_c
-- Using all available rosidl_typesupport_cpp: rosidl_typesupport_fastrtps_cpp;rosidl_typesupport_introspection_cpp
-- Found rmw_implementation_cmake: 7.3.2 (/opt/ros/jazzy/share/rmw_implementation_cmake/cmake)
-- Found rmw_cyclonedds_cpp: 2.2.3 (/opt/ros/jazzy/share/rmw_cyclonedds_cpp/cmake)
-- Using RMW implementation 'rmw_cyclonedds_cpp' as default
-- Found geometry_msgs: 5.3.6 (/opt/ros/jazzy/share/geometry_msgs/cmake)
-- Found nav_msgs: 5.3.6 (/opt/ros/jazzy/share/nav_msgs/cmake)
-- Found sensor_msgs: 5.3.6 (/opt/ros/jazzy/share/sensor_msgs/cmake)
-- Found ament_lint_auto: 0.17.2 (/opt/ros/jazzy/share/ament_lint_auto/cmake)
-- Added test 'copyright' to check source files copyright and LICENSE
-- Added test 'cppcheck' to perform static code analysis on C / C++ code
-- Configured cppcheck include dirs: $<BUILD_INTERFACE:/home/robotx/workspace/smb_ros2_workspace/src/core/smb_kinematics/include>
-- Configured cppcheck exclude dirs and/or files: 
-- Added test 'cpplint' to check C / C++ code against the Google style
-- Configured cpplint exclude dirs and/or files: 
-- Added test 'flake8' to check Python code syntax and style conventions
-- Configured 'flake8' exclude dirs and/or files: 
-- Added test 'lint_cmake' to check CMake code style
-- Added test 'pep257' to check Python code against some of the docstring style conventions in PEP 257
-- Added test 'uncrustify' to check C / C++ code style
-- Configured uncrustify additional arguments: 
-- Added test 'xmllint' to check XML markup files
-- Configuring done (0.9s)
-- Generating done (0.0s)
-- Build files have been written to: /home/robotx/workspace/smb_ros2_workspace/dependencies/smb_kinematics_ros2/build/smb_kinematics
[ 25%] [32mBuilding CXX object CMakeFiles/smb_kinematics_node.dir/src/smb_differential_drive_controller.cpp.o[0m
[ 50%] [32mBuilding CXX object CMakeFiles/smb_cmd_vel.dir/src/joy_to_cmd_vel.cpp.o[0m
[01m[K/home/robotx/workspace/smb_ros2_workspace/src/core/smb_kinematics/src/smb_differential_drive_controller.cpp:[m[K In member function ‘[01m[Kvoid DifferentialDriveController::[01;32m[KcomputeWheelVelocities[m[K()[m[K’:
[01m[K/home/robotx/workspace/smb_ros2_workspace/src/core/smb_kinematics/src/smb_differential_drive_controller.cpp:92:10:[m[K [01;35m[Kwarning: [m[Kunused variable ‘[01m[Kleft_wheel_sign[m[K’ [[01;35m[K]8;;https://gcc.gnu.org/onlinedocs/gcc/Warning-Options.html#index-Wunused-variable-Wunused-variable]8;;[m[K]
   92 |     auto [01;35m[Kleft_wheel_sign[m[K = std::copysignf(1.0, left_wheel_speed_);
      |          [01;35m[K^~~~~~~~~~~~~~~[m[K
[01m[K/home/robotx/workspace/smb_ros2_workspace/src/core/smb_kinematics/src/smb_differential_drive_controller.cpp:93:10:[m[K [01;35m[Kwarning: [m[Kunused variable ‘[01m[Kright_wheel_sign[m[K’ [[01;35m[K]8;;https://gcc.gnu.org/onlinedocs/gcc/Warning-Options.html#index-Wunused-variable-Wunused-variable]8;;[m[K]
   93 |     auto [01;35m[Kright_wheel_sign[m[K = std::copysignf(1.0, right_wheel_speed_);
      |          [01;35m[K^~~~~~~~~~~~~~~~[m[K
[ 75%] [32m[1mLinking CXX executable smb_cmd_vel[0m
[ 75%] Built target smb_cmd_vel
[100%] [32m[1mLinking CXX executable smb_kinematics_node[0m
[100%] Built target smb_kinematics_node
-- Install configuration: ""
-- Execute custom install script
-- Symlinking: /home/robotx/workspace/smb_ros2_workspace/dependencies/smb_kinematics_ros2/install/lib/smb_kinematics/smb_kinematics_node
-- Symlinking: /home/robotx/workspace/smb_ros2_workspace/dependencies/smb_kinematics_ros2/install/lib/smb_kinematics/smb_cmd_vel
-- Symlinking: /home/robotx/workspace/smb_ros2_workspace/dependencies/smb_kinematics_ros2/install/share/smb_kinematics/launch/smb_differential_drive.launch.py
-- Symlinking: /home/robotx/workspace/smb_ros2_workspace/dependencies/smb_kinematics_ros2/install/share/ament_index/resource_index/package_run_dependencies/smb_kinematics
-- Symlinking: /home/robotx/workspace/smb_ros2_workspace/dependencies/smb_kinematics_ros2/install/share/ament_index/resource_index/parent_prefix_path/smb_kinematics
-- Symlinking: /home/robotx/workspace/smb_ros2_workspace/dependencies/smb_kinematics_ros2/install/share/smb_kinematics/environment/ament_prefix_path.sh
-- Symlinking: /home/robotx/workspace/smb_ros2_workspace/dependencies/smb_kinematics_ros2/install/share/smb_kinematics/environment/ament_prefix_path.dsv
-- Symlinking: /home/robotx/workspace/smb_ros2_workspace/dependencies/smb_kinematics_ros2/install/share/smb_kinematics/environment/path.sh
-- Symlinking: /home/robotx/workspace/smb_ros2_workspace/dependencies/smb_kinematics_ros2/install/share/smb_kinematics/environment/path.dsv
-- Symlinking: /home/robotx/workspace/smb_ros2_workspace/dependencies/smb_kinematics_ros2/install/share/smb_kinematics/local_setup.bash
-- Symlinking: /home/robotx/workspace/smb_ros2_workspace/dependencies/smb_kinematics_ros2/install/share/smb_kinematics/local_setup.sh
-- Symlinking: /home/robotx/workspace/smb_ros2_workspace/dependencies/smb_kinematics_ros2/install/share/smb_kinematics/local_setup.zsh
-- Symlinking: /home/robotx/workspace/smb_ros2_workspace/dependencies/smb_kinematics_ros2/install/share/smb_kinematics/local_setup.dsv
-- Symlinking: /home/robotx/workspace/smb_ros2_workspace/dependencies/smb_kinematics_ros2/install/share/smb_kinematics/package.dsv
-- Symlinking: /home/robotx/workspace/smb_ros2_workspace/dependencies/smb_kinematics_ros2/install/share/ament_index/resource_index/packages/smb_kinematics
-- Symlinking: /home/robotx/workspace/smb_ros2_workspace/dependencies/smb_kinematics_ros2/install/share/smb_kinematics/cmake/smb_kinematicsConfig.cmake
-- Symlinking: /home/robotx/workspace/smb_ros2_workspace/dependencies/smb_kinematics_ros2/install/share/smb_kinematics/cmake/smb_kinematicsConfig-version.cmake
-- Symlinking: /home/robotx/workspace/smb_ros2_workspace/dependencies/smb_kinematics_ros2/install/share/smb_kinematics/package.xml
