[0.010s] Invoking command in '/home/robotx/workspace/smb_ros2_workspace/dependencies/smb_kinematics_ros2/build/smb_kinematics': CMAKE_PREFIX_PATH=/opt/ros/jazzy:${CMAKE_PREFIX_PATH} DEBUGINFOD_URLS=https://debuginfod.ubuntu.com /usr/bin/cmake /home/robotx/workspace/smb_ros2_workspace/src/core/smb_kinematics -DAMENT_CMAKE_SYMLINK_INSTALL=1 -DCMAKE_INSTALL_PREFIX=/home/robotx/workspace/smb_ros2_workspace/dependencies/smb_kinematics_ros2/install
[0.111s] -- The C compiler identification is GNU 13.3.0
[0.155s] -- The CXX compiler identification is GNU 13.3.0
[0.171s] -- Detecting C compiler ABI info
[0.241s] -- Detecting C compiler ABI info - done
[0.247s] -- Check for working C compiler: /usr/bin/cc - skipped
[0.247s] -- Detecting C compile features
[0.248s] -- Detecting C compile features - done
[0.255s] -- Detecting CXX compiler ABI info
[0.336s] -- Detecting CXX compiler ABI info - done
[0.342s] -- Check for working CXX compiler: /usr/bin/c++ - skipped
[0.342s] -- Detecting CXX compile features
[0.342s] -- Detecting CXX compile features - done
[0.344s] -- Found ament_cmake: 2.5.4 (/opt/ros/jazzy/share/ament_cmake/cmake)
[0.455s] -- Found Python3: /usr/bin/python3 (found version "3.12.3") found components: Interpreter 
[0.502s] -- Override CMake install command with custom implementation using symlinks instead of copying resources
[0.523s] -- Found rclcpp: 28.1.9 (/opt/ros/jazzy/share/rclcpp/cmake)
[0.554s] -- Found rosidl_generator_c: 4.6.5 (/opt/ros/jazzy/share/rosidl_generator_c/cmake)
[0.563s] -- Found rosidl_generator_cpp: 4.6.5 (/opt/ros/jazzy/share/rosidl_generator_cpp/cmake)
[0.575s] -- Using all available rosidl_typesupport_c: rosidl_typesupport_fastrtps_c;rosidl_typesupport_introspection_c
[0.590s] -- Using all available rosidl_typesupport_cpp: rosidl_typesupport_fastrtps_cpp;rosidl_typesupport_introspection_cpp
[0.646s] -- Found rmw_implementation_cmake: 7.3.2 (/opt/ros/jazzy/share/rmw_implementation_cmake/cmake)
[0.648s] -- Found rmw_cyclonedds_cpp: 2.2.3 (/opt/ros/jazzy/share/rmw_cyclonedds_cpp/cmake)
[0.672s] -- Using RMW implementation 'rmw_cyclonedds_cpp' as default
[0.727s] -- Found geometry_msgs: 5.3.6 (/opt/ros/jazzy/share/geometry_msgs/cmake)
[0.754s] -- Found nav_msgs: 5.3.6 (/opt/ros/jazzy/share/nav_msgs/cmake)
[0.779s] -- Found sensor_msgs: 5.3.6 (/opt/ros/jazzy/share/sensor_msgs/cmake)
[0.800s] -- Found ament_lint_auto: 0.17.2 (/opt/ros/jazzy/share/ament_lint_auto/cmake)
[0.880s] -- Added test 'copyright' to check source files copyright and LICENSE
[0.885s] -- Added test 'cppcheck' to perform static code analysis on C / C++ code
[0.886s] -- Configured cppcheck include dirs: $<BUILD_INTERFACE:/home/robotx/workspace/smb_ros2_workspace/src/core/smb_kinematics/include>
[0.886s] -- Configured cppcheck exclude dirs and/or files: 
[0.892s] -- Added test 'cpplint' to check C / C++ code against the Google style
[0.892s] -- Configured cpplint exclude dirs and/or files: 
[0.893s] -- Added test 'flake8' to check Python code syntax and style conventions
[0.893s] -- Configured 'flake8' exclude dirs and/or files: 
[0.895s] -- Added test 'lint_cmake' to check CMake code style
[0.896s] -- Added test 'pep257' to check Python code against some of the docstring style conventions in PEP 257
[0.902s] -- Added test 'uncrustify' to check C / C++ code style
[0.902s] -- Configured uncrustify additional arguments: 
[0.903s] -- Added test 'xmllint' to check XML markup files
[0.904s] -- Configuring done (0.9s)
[0.914s] -- Generating done (0.0s)
[0.916s] -- Build files have been written to: /home/robotx/workspace/smb_ros2_workspace/dependencies/smb_kinematics_ros2/build/smb_kinematics
[0.922s] Invoked command in '/home/robotx/workspace/smb_ros2_workspace/dependencies/smb_kinematics_ros2/build/smb_kinematics' returned '0': CMAKE_PREFIX_PATH=/opt/ros/jazzy:${CMAKE_PREFIX_PATH} DEBUGINFOD_URLS=https://debuginfod.ubuntu.com /usr/bin/cmake /home/robotx/workspace/smb_ros2_workspace/src/core/smb_kinematics -DAMENT_CMAKE_SYMLINK_INSTALL=1 -DCMAKE_INSTALL_PREFIX=/home/robotx/workspace/smb_ros2_workspace/dependencies/smb_kinematics_ros2/install
[0.923s] Invoking command in '/home/robotx/workspace/smb_ros2_workspace/dependencies/smb_kinematics_ros2/build/smb_kinematics': CMAKE_PREFIX_PATH=/opt/ros/jazzy:${CMAKE_PREFIX_PATH} DEBUGINFOD_URLS=https://debuginfod.ubuntu.com /usr/bin/cmake --build /home/robotx/workspace/smb_ros2_workspace/dependencies/smb_kinematics_ros2/build/smb_kinematics -- -j22 -l22
[0.966s] [ 25%] [32mBuilding CXX object CMakeFiles/smb_kinematics_node.dir/src/smb_differential_drive_controller.cpp.o[0m
[0.968s] [ 50%] [32mBuilding CXX object CMakeFiles/smb_cmd_vel.dir/src/joy_to_cmd_vel.cpp.o[0m
[2.201s] [01m[K/home/robotx/workspace/smb_ros2_workspace/src/core/smb_kinematics/src/smb_differential_drive_controller.cpp:[m[K In member function ‘[01m[Kvoid DifferentialDriveController::[01;32m[KcomputeWheelVelocities[m[K()[m[K’:
[2.201s] [01m[K/home/robotx/workspace/smb_ros2_workspace/src/core/smb_kinematics/src/smb_differential_drive_controller.cpp:92:10:[m[K [01;35m[Kwarning: [m[Kunused variable ‘[01m[Kleft_wheel_sign[m[K’ [[01;35m[K]8;;https://gcc.gnu.org/onlinedocs/gcc/Warning-Options.html#index-Wunused-variable-Wunused-variable]8;;[m[K]
[2.201s]    92 |     auto [01;35m[Kleft_wheel_sign[m[K = std::copysignf(1.0, left_wheel_speed_);
[2.201s]       |          [01;35m[K^~~~~~~~~~~~~~~[m[K
[2.201s] [01m[K/home/robotx/workspace/smb_ros2_workspace/src/core/smb_kinematics/src/smb_differential_drive_controller.cpp:93:10:[m[K [01;35m[Kwarning: [m[Kunused variable ‘[01m[Kright_wheel_sign[m[K’ [[01;35m[K]8;;https://gcc.gnu.org/onlinedocs/gcc/Warning-Options.html#index-Wunused-variable-Wunused-variable]8;;[m[K]
[2.201s]    93 |     auto [01;35m[Kright_wheel_sign[m[K = std::copysignf(1.0, right_wheel_speed_);
[2.201s]       |          [01;35m[K^~~~~~~~~~~~~~~~[m[K
[5.595s] [ 75%] [32m[1mLinking CXX executable smb_cmd_vel[0m
[5.774s] [ 75%] Built target smb_cmd_vel
[5.824s] [100%] [32m[1mLinking CXX executable smb_kinematics_node[0m
[6.004s] [100%] Built target smb_kinematics_node
[6.014s] Invoked command in '/home/robotx/workspace/smb_ros2_workspace/dependencies/smb_kinematics_ros2/build/smb_kinematics' returned '0': CMAKE_PREFIX_PATH=/opt/ros/jazzy:${CMAKE_PREFIX_PATH} DEBUGINFOD_URLS=https://debuginfod.ubuntu.com /usr/bin/cmake --build /home/robotx/workspace/smb_ros2_workspace/dependencies/smb_kinematics_ros2/build/smb_kinematics -- -j22 -l22
[6.015s] Invoking command in '/home/robotx/workspace/smb_ros2_workspace/dependencies/smb_kinematics_ros2/build/smb_kinematics': CMAKE_PREFIX_PATH=/opt/ros/jazzy:${CMAKE_PREFIX_PATH} DEBUGINFOD_URLS=https://debuginfod.ubuntu.com /usr/bin/cmake --install /home/robotx/workspace/smb_ros2_workspace/dependencies/smb_kinematics_ros2/build/smb_kinematics
[6.020s] -- Install configuration: ""
[6.020s] -- Execute custom install script
[6.020s] -- Symlinking: /home/robotx/workspace/smb_ros2_workspace/dependencies/smb_kinematics_ros2/install/lib/smb_kinematics/smb_kinematics_node
[6.025s] -- Symlinking: /home/robotx/workspace/smb_ros2_workspace/dependencies/smb_kinematics_ros2/install/lib/smb_kinematics/smb_cmd_vel
[6.032s] -- Symlinking: /home/robotx/workspace/smb_ros2_workspace/dependencies/smb_kinematics_ros2/install/share/smb_kinematics/launch/smb_differential_drive.launch.py
[6.038s] -- Symlinking: /home/robotx/workspace/smb_ros2_workspace/dependencies/smb_kinematics_ros2/install/share/ament_index/resource_index/package_run_dependencies/smb_kinematics
[6.045s] -- Symlinking: /home/robotx/workspace/smb_ros2_workspace/dependencies/smb_kinematics_ros2/install/share/ament_index/resource_index/parent_prefix_path/smb_kinematics
[6.051s] -- Symlinking: /home/robotx/workspace/smb_ros2_workspace/dependencies/smb_kinematics_ros2/install/share/smb_kinematics/environment/ament_prefix_path.sh
[6.058s] -- Symlinking: /home/robotx/workspace/smb_ros2_workspace/dependencies/smb_kinematics_ros2/install/share/smb_kinematics/environment/ament_prefix_path.dsv
[6.064s] -- Symlinking: /home/robotx/workspace/smb_ros2_workspace/dependencies/smb_kinematics_ros2/install/share/smb_kinematics/environment/path.sh
[6.070s] -- Symlinking: /home/robotx/workspace/smb_ros2_workspace/dependencies/smb_kinematics_ros2/install/share/smb_kinematics/environment/path.dsv
[6.076s] -- Symlinking: /home/robotx/workspace/smb_ros2_workspace/dependencies/smb_kinematics_ros2/install/share/smb_kinematics/local_setup.bash
[6.082s] -- Symlinking: /home/robotx/workspace/smb_ros2_workspace/dependencies/smb_kinematics_ros2/install/share/smb_kinematics/local_setup.sh
[6.091s] -- Symlinking: /home/robotx/workspace/smb_ros2_workspace/dependencies/smb_kinematics_ros2/install/share/smb_kinematics/local_setup.zsh
[6.097s] -- Symlinking: /home/robotx/workspace/smb_ros2_workspace/dependencies/smb_kinematics_ros2/install/share/smb_kinematics/local_setup.dsv
[6.103s] -- Symlinking: /home/robotx/workspace/smb_ros2_workspace/dependencies/smb_kinematics_ros2/install/share/smb_kinematics/package.dsv
[6.110s] -- Symlinking: /home/robotx/workspace/smb_ros2_workspace/dependencies/smb_kinematics_ros2/install/share/ament_index/resource_index/packages/smb_kinematics
[6.117s] -- Symlinking: /home/robotx/workspace/smb_ros2_workspace/dependencies/smb_kinematics_ros2/install/share/smb_kinematics/cmake/smb_kinematicsConfig.cmake
[6.122s] -- Symlinking: /home/robotx/workspace/smb_ros2_workspace/dependencies/smb_kinematics_ros2/install/share/smb_kinematics/cmake/smb_kinematicsConfig-version.cmake
[6.129s] -- Symlinking: /home/robotx/workspace/smb_ros2_workspace/dependencies/smb_kinematics_ros2/install/share/smb_kinematics/package.xml
[6.137s] Invoked command in '/home/robotx/workspace/smb_ros2_workspace/dependencies/smb_kinematics_ros2/build/smb_kinematics' returned '0': CMAKE_PREFIX_PATH=/opt/ros/jazzy:${CMAKE_PREFIX_PATH} DEBUGINFOD_URLS=https://debuginfod.ubuntu.com /usr/bin/cmake --install /home/robotx/workspace/smb_ros2_workspace/dependencies/smb_kinematics_ros2/build/smb_kinematics
