[0.009s] Invoking command in '/home/robotx/workspace/smb_ros2_workspace/dependencies/smb_kinematics_ros2/build/smb_low_level_controller': CMAKE_PREFIX_PATH=/opt/ros/jazzy:/home/robotx/workspace/smb_ros2_workspace/dependencies/smb_kinematics_ros2/install:${CMAKE_PREFIX_PATH} DEBUGINFOD_URLS=https://debuginfod.ubuntu.com PKG_CONFIG_PATH=/home/robotx/workspace/smb_ros2_workspace/dependencies/smb_kinematics_ros2/install/lib/x86_64-linux-gnu/pkgconfig:/home/robotx/workspace/smb_ros2_workspace/dependencies/smb_kinematics_ros2/install/lib/pkgconfig:${PKG_CONFIG_PATH} ROS_PACKAGE_PATH=/home/robotx/workspace/smb_ros2_workspace/dependencies/smb_kinematics_ros2/install/share:${ROS_PACKAGE_PATH} /usr/bin/cmake --build /home/robotx/workspace/smb_ros2_workspace/dependencies/smb_kinematics_ros2/build/smb_low_level_controller -- -j22 -l22
[0.058s] [100%] Built target speed_control_node
[0.064s] Invoked command in '/home/robotx/workspace/smb_ros2_workspace/dependencies/smb_kinematics_ros2/build/smb_low_level_controller' returned '0': CMAKE_PREFIX_PATH=/opt/ros/jazzy:/home/robotx/workspace/smb_ros2_workspace/dependencies/smb_kinematics_ros2/install:${CMAKE_PREFIX_PATH} DEBUGINFOD_URLS=https://debuginfod.ubuntu.com PKG_CONFIG_PATH=/home/robotx/workspace/smb_ros2_workspace/dependencies/smb_kinematics_ros2/install/lib/x86_64-linux-gnu/pkgconfig:/home/robotx/workspace/smb_ros2_workspace/dependencies/smb_kinematics_ros2/install/lib/pkgconfig:${PKG_CONFIG_PATH} ROS_PACKAGE_PATH=/home/robotx/workspace/smb_ros2_workspace/dependencies/smb_kinematics_ros2/install/share:${ROS_PACKAGE_PATH} /usr/bin/cmake --build /home/robotx/workspace/smb_ros2_workspace/dependencies/smb_kinematics_ros2/build/smb_low_level_controller -- -j22 -l22
[0.065s] Invoking command in '/home/robotx/workspace/smb_ros2_workspace/dependencies/smb_kinematics_ros2/build/smb_low_level_controller': CMAKE_PREFIX_PATH=/opt/ros/jazzy:/home/robotx/workspace/smb_ros2_workspace/dependencies/smb_kinematics_ros2/install:${CMAKE_PREFIX_PATH} DEBUGINFOD_URLS=https://debuginfod.ubuntu.com PKG_CONFIG_PATH=/home/robotx/workspace/smb_ros2_workspace/dependencies/smb_kinematics_ros2/install/lib/x86_64-linux-gnu/pkgconfig:/home/robotx/workspace/smb_ros2_workspace/dependencies/smb_kinematics_ros2/install/lib/pkgconfig:${PKG_CONFIG_PATH} ROS_PACKAGE_PATH=/home/robotx/workspace/smb_ros2_workspace/dependencies/smb_kinematics_ros2/install/share:${ROS_PACKAGE_PATH} /usr/bin/cmake --install /home/robotx/workspace/smb_ros2_workspace/dependencies/smb_kinematics_ros2/build/smb_low_level_controller
[0.071s] -- Install configuration: ""
[0.071s] -- Execute custom install script
[0.071s] -- Up-to-date symlink: /home/robotx/workspace/smb_ros2_workspace/dependencies/smb_kinematics_ros2/install/lib/smb_low_level_controller/speed_control_node
[0.071s] -- Up-to-date symlink: /home/robotx/workspace/smb_ros2_workspace/dependencies/smb_kinematics_ros2/install/share/ament_index/resource_index/package_run_dependencies/smb_low_level_controller
[0.071s] -- Up-to-date symlink: /home/robotx/workspace/smb_ros2_workspace/dependencies/smb_kinematics_ros2/install/share/ament_index/resource_index/parent_prefix_path/smb_low_level_controller
[0.072s] -- Up-to-date symlink: /home/robotx/workspace/smb_ros2_workspace/dependencies/smb_kinematics_ros2/install/share/smb_low_level_controller/environment/ament_prefix_path.sh
[0.072s] -- Up-to-date symlink: /home/robotx/workspace/smb_ros2_workspace/dependencies/smb_kinematics_ros2/install/share/smb_low_level_controller/environment/ament_prefix_path.dsv
[0.072s] -- Up-to-date symlink: /home/robotx/workspace/smb_ros2_workspace/dependencies/smb_kinematics_ros2/install/share/smb_low_level_controller/environment/path.sh
[0.072s] -- Up-to-date symlink: /home/robotx/workspace/smb_ros2_workspace/dependencies/smb_kinematics_ros2/install/share/smb_low_level_controller/environment/path.dsv
[0.072s] -- Up-to-date symlink: /home/robotx/workspace/smb_ros2_workspace/dependencies/smb_kinematics_ros2/install/share/smb_low_level_controller/local_setup.bash
[0.072s] -- Up-to-date symlink: /home/robotx/workspace/smb_ros2_workspace/dependencies/smb_kinematics_ros2/install/share/smb_low_level_controller/local_setup.sh
[0.072s] -- Up-to-date symlink: /home/robotx/workspace/smb_ros2_workspace/dependencies/smb_kinematics_ros2/install/share/smb_low_level_controller/local_setup.zsh
[0.072s] -- Up-to-date symlink: /home/robotx/workspace/smb_ros2_workspace/dependencies/smb_kinematics_ros2/install/share/smb_low_level_controller/local_setup.dsv
[0.072s] -- Symlinking: /home/robotx/workspace/smb_ros2_workspace/dependencies/smb_kinematics_ros2/install/share/smb_low_level_controller/package.dsv
[0.079s] -- Up-to-date symlink: /home/robotx/workspace/smb_ros2_workspace/dependencies/smb_kinematics_ros2/install/share/ament_index/resource_index/packages/smb_low_level_controller
[0.080s] -- Up-to-date symlink: /home/robotx/workspace/smb_ros2_workspace/dependencies/smb_kinematics_ros2/install/share/smb_low_level_controller/cmake/smb_low_level_controllerConfig.cmake
[0.080s] -- Up-to-date symlink: /home/robotx/workspace/smb_ros2_workspace/dependencies/smb_kinematics_ros2/install/share/smb_low_level_controller/cmake/smb_low_level_controllerConfig-version.cmake
[0.080s] -- Up-to-date symlink: /home/robotx/workspace/smb_ros2_workspace/dependencies/smb_kinematics_ros2/install/share/smb_low_level_controller/package.xml
[0.081s] Invoked command in '/home/robotx/workspace/smb_ros2_workspace/dependencies/smb_kinematics_ros2/build/smb_low_level_controller' returned '0': CMAKE_PREFIX_PATH=/opt/ros/jazzy:/home/robotx/workspace/smb_ros2_workspace/dependencies/smb_kinematics_ros2/install:${CMAKE_PREFIX_PATH} DEBUGINFOD_URLS=https://debuginfod.ubuntu.com PKG_CONFIG_PATH=/home/robotx/workspace/smb_ros2_workspace/dependencies/smb_kinematics_ros2/install/lib/x86_64-linux-gnu/pkgconfig:/home/robotx/workspace/smb_ros2_workspace/dependencies/smb_kinematics_ros2/install/lib/pkgconfig:${PKG_CONFIG_PATH} ROS_PACKAGE_PATH=/home/robotx/workspace/smb_ros2_workspace/dependencies/smb_kinematics_ros2/install/share:${ROS_PACKAGE_PATH} /usr/bin/cmake --install /home/robotx/workspace/smb_ros2_workspace/dependencies/smb_kinematics_ros2/build/smb_low_level_controller
